[NX Daemon Server] - 2026-02-23T23:20:40.583Z - Started listening on: /var/folders/xf/rzvsytc91x54f6x4bxs6v6640000gn/T/acb46c6ab85dd6dd4b48/d.sock
node:events:497
      throw er; // Unhandled 'error' event
      ^

Error: listen EEXIST: file already exists /var/folders/xf/rzvsytc91x54f6x4bxs6v6640000gn/T/acb46c6ab85dd6dd4b48/d.sock
[90m    at Server.setupListenHandle [as _listen2] (node:net:1918:21)[39m
[90m    at listenInCluster (node:net:1997:12)[39m
[90m    at Server.listen (node:net:2119:5)[39m
    at [90m/Users/coyotl/development/stripe_demo_node_react/[39mnode_modules/[4mnx[24m/src/daemon/server/server.js:279:20
    at new Promise (<anonymous>)
    at startServer [90m(/Users/coyotl/development/stripe_demo_node_react/[39mnode_modules/[4mnx[24m/src/daemon/server/server.js:277:12[90m)[39m
    at async [90m/Users/coyotl/development/stripe_demo_node_react/[39mnode_modules/[4mnx[24m/src/daemon/server/start.js:8:9
Emitted 'error' event on Server instance at:
[90m    at emitErrorNT (node:net:1976:8)[39m
[90m    at process.processTicksAndRejections (node:internal/process/task_queues:90:21)[39m {
  code: [32m'EEXIST'[39m,
  errno: [33m-17[39m,
  syscall: [32m'listen'[39m,
  address: [32m'/var/folders/xf/rzvsytc91x54f6x4bxs6v6640000gn/T/acb46c6ab85dd6dd4b48/d.sock'[39m,
  port: [33m-1[39m
}

Node.js v22.22.0
[NX Daemon Server] - 2026-02-23T23:20:40.588Z - [WATCHER]: Subscribed to changes within: /Users/coyotl/development/stripe_demo_node_react (native)
[NX Daemon Server] - 2026-02-23T23:20:40.590Z - Established a connection. Number of open connections: 1
[NX Daemon Server] - 2026-02-23T23:20:40.592Z - Established a connection. Number of open connections: 2
[NX Daemon Server] - 2026-02-23T23:20:40.595Z - Closed a connection. Number of open connections: 1
[NX Daemon Server] - 2026-02-23T23:20:40.596Z - Established a connection. Number of open connections: 2
[NX Daemon Server] - 2026-02-23T23:20:40.597Z - [REQUEST]: Client Request for Project Graph Received
[NX Daemon Server] - 2026-02-23T23:20:40.599Z - [REQUEST]: Updated workspace context based on watched changes, recomputing project graph...
[NX Daemon Server] - 2026-02-23T23:20:40.599Z - [REQUEST]: 
[NX Daemon Server] - 2026-02-23T23:20:40.599Z - [REQUEST]: 
[NX Daemon Server] - 2026-02-23T23:20:40.856Z - [REQUEST]: Responding to the client. project-graph
[NX Daemon Server] - 2026-02-23T23:20:40.858Z - Time taken for 'total for creating and serializing project graph' 258.142834ms
[NX Daemon Server] - 2026-02-23T23:20:40.858Z - Established a connection. Number of open connections: 3
[NX Daemon Server] - 2026-02-23T23:20:40.860Z - Closed a connection. Number of open connections: 2
[NX Daemon Server] - 2026-02-23T23:20:40.861Z - [REQUEST]: Client Request for Project Graph Received
[NX Daemon Server] - 2026-02-23T23:20:40.861Z - [REQUEST]: Responding to the client. project-graph
[NX Daemon Server] - 2026-02-23T23:20:40.862Z - Time taken for 'total for creating and serializing project graph' 0.26159899999993286ms
[NX Daemon Server] - 2026-02-23T23:20:40.873Z - Done responding to the client project-graph
[NX Daemon Server] - 2026-02-23T23:20:40.873Z - Handled REQUEST_PROJECT_GRAPH. Handling time: 0. Response time: 12.
[NX Daemon Server] - 2026-02-23T23:20:40.874Z - Done responding to the client project-graph
[NX Daemon Server] - 2026-02-23T23:20:40.874Z - Handled REQUEST_PROJECT_GRAPH. Handling time: 259. Response time: 18.
[NX Daemon Server] - 2026-02-23T23:20:40.934Z - [REQUEST]: Responding to the client. handleHashTasks
[NX Daemon Server] - 2026-02-23T23:20:40.939Z - [REQUEST]: Responding to the client. handleHashTasks
[NX Daemon Server] - 2026-02-23T23:20:40.939Z - Done responding to the client handleHashTasks
[NX Daemon Server] - 2026-02-23T23:20:40.939Z - Handled HASH_TASKS. Handling time: 4. Response time: 0.
[NX Daemon Server] - 2026-02-23T23:20:40.939Z - Done responding to the client handleHashTasks
[NX Daemon Server] - 2026-02-23T23:20:40.939Z - Handled HASH_TASKS. Handling time: 18. Response time: 5.
[NX Daemon Server] - 2026-02-23T23:20:41.536Z - Established a connection. Number of open connections: 3
[NX Daemon Server] - 2026-02-23T23:20:41.541Z - Closed a connection. Number of open connections: 2
[NX Daemon Server] - 2026-02-23T23:20:41.541Z - Established a connection. Number of open connections: 3
[NX Daemon Server] - 2026-02-23T23:20:41.544Z - [REQUEST]: Client Request for Project Graph Received
[NX Daemon Server] - 2026-02-23T23:20:41.545Z - [REQUEST]: Responding to the client. project-graph
[NX Daemon Server] - 2026-02-23T23:20:41.546Z - Time taken for 'total for creating and serializing project graph' 0.3490229999999883ms
[NX Daemon Server] - 2026-02-23T23:20:41.554Z - Done responding to the client project-graph
[NX Daemon Server] - 2026-02-23T23:20:41.554Z - Handled REQUEST_PROJECT_GRAPH. Handling time: 1. Response time: 9.
[NX Daemon Server] - 2026-02-23T23:20:41.562Z - Established a connection. Number of open connections: 4
[NX Daemon Server] - 2026-02-23T23:20:41.580Z - [WATCHER]: Processing file changes in outputs
[NX Daemon Server] - 2026-02-23T23:20:41.954Z - [REQUEST]: Client Request for Project Graph Received
[NX Daemon Server] - 2026-02-23T23:20:41.954Z - [REQUEST]: Responding to the client. project-graph
[NX Daemon Server] - 2026-02-23T23:20:41.956Z - Time taken for 'total for creating and serializing project graph' 0.30204699999990225ms
[NX Daemon Server] - 2026-02-23T23:20:41.961Z - Done responding to the client project-graph
[NX Daemon Server] - 2026-02-23T23:20:41.961Z - Handled REQUEST_PROJECT_GRAPH. Handling time: 0. Response time: 7.
[NX Daemon Server] - 2026-02-23T23:20:41.968Z - Established a connection. Number of open connections: 5
[NX Daemon Server] - 2026-02-23T23:20:42.016Z - [WATCHER]: Processing file changes in outputs
[NX Daemon Server] - 2026-02-23T23:20:42.293Z - [WATCHER]: Processing file changes in outputs
[NX Daemon Server] - 2026-02-23T23:20:42.407Z - [WATCHER]: Processing file changes in outputs
[NX Daemon Server] - 2026-02-23T23:22:41.139Z - Closed a connection. Number of open connections: 4
[NX Daemon Server] - 2026-02-23T23:22:41.143Z - Closed a connection. Number of open connections: 3
[NX Daemon Server] - 2026-02-23T23:22:41.143Z - Closed a connection. Number of open connections: 2
[NX Daemon Server] - 2026-02-23T23:22:41.143Z - Closed a connection. Number of open connections: 1
[NX Daemon Server] - 2026-02-23T23:22:41.178Z - Closed a connection. Number of open connections: 0
[NX Daemon Server] - 2026-02-23T23:22:41.213Z - [WATCHER]: Processing file changes in outputs
[NX Daemon Server] - 2026-02-23T23:22:59.213Z - Established a connection. Number of open connections: 1
[NX Daemon Server] - 2026-02-23T23:22:59.217Z - Established a connection. Number of open connections: 2
[NX Daemon Server] - 2026-02-23T23:22:59.218Z - Closed a connection. Number of open connections: 1
[NX Daemon Server] - 2026-02-23T23:22:59.233Z - [REQUEST]: Client Request for Project Graph Received
[NX Daemon Server] - 2026-02-23T23:22:59.235Z - [REQUEST]: Responding to the client. project-graph
[NX Daemon Server] - 2026-02-23T23:22:59.241Z - Time taken for 'total for creating and serializing project graph' 2.585562000022037ms
[NX Daemon Server] - 2026-02-23T23:22:59.244Z - Done responding to the client project-graph
[NX Daemon Server] - 2026-02-23T23:22:59.244Z - Handled REQUEST_PROJECT_GRAPH. Handling time: 4. Response time: 9.
[NX Daemon Server] - 2026-02-23T23:22:59.294Z - [REQUEST]: Responding to the client. handleHashTasks
[NX Daemon Server] - 2026-02-23T23:22:59.294Z - Done responding to the client handleHashTasks
[NX Daemon Server] - 2026-02-23T23:22:59.294Z - Handled HASH_TASKS. Handling time: 8. Response time: 0.
[NX Daemon Server] - 2026-02-23T23:23:00.884Z - [REQUEST]: Responding to the client. recordOutputsHash
[NX Daemon Server] - 2026-02-23T23:23:00.884Z - Done responding to the client recordOutputsHash
[NX Daemon Server] - 2026-02-23T23:23:00.885Z - Handled RECORD_OUTPUTS_HASH. Handling time: 5. Response time: 1.
[NX Daemon Server] - 2026-02-23T23:23:00.895Z - Closed a connection. Number of open connections: 0
[NX Daemon Server] - 2026-02-23T23:23:15.740Z - Established a connection. Number of open connections: 1
[NX Daemon Server] - 2026-02-23T23:23:15.740Z - Closed a connection. Number of open connections: 0
[NX Daemon Server] - 2026-02-23T23:23:15.741Z - Established a connection. Number of open connections: 1
[NX Daemon Server] - 2026-02-23T23:23:15.743Z - [REQUEST]: Client Request for Project Graph Received
[NX Daemon Server] - 2026-02-23T23:23:15.744Z - [REQUEST]: Responding to the client. project-graph
[NX Daemon Server] - 2026-02-23T23:23:15.746Z - Time taken for 'total for creating and serializing project graph' 0.1969319999916479ms
[NX Daemon Server] - 2026-02-23T23:23:15.749Z - Done responding to the client project-graph
[NX Daemon Server] - 2026-02-23T23:23:15.750Z - Handled REQUEST_PROJECT_GRAPH. Handling time: 1. Response time: 6.
[NX Daemon Server] - 2026-02-23T23:23:15.822Z - [REQUEST]: Responding to the client. handleHashTasks
[NX Daemon Server] - 2026-02-23T23:23:15.822Z - Done responding to the client handleHashTasks
[NX Daemon Server] - 2026-02-23T23:23:15.822Z - Handled HASH_TASKS. Handling time: 3. Response time: 0.
[NX Daemon Server] - 2026-02-23T23:23:15.839Z - [REQUEST]: Responding to the client. handleHashTasks
[NX Daemon Server] - 2026-02-23T23:23:15.839Z - Done responding to the client handleHashTasks
[NX Daemon Server] - 2026-02-23T23:23:15.839Z - Handled HASH_TASKS. Handling time: 4. Response time: 0.
[NX Daemon Server] - 2026-02-23T23:23:19.282Z - [REQUEST]: Responding to the client. recordOutputsHash
[NX Daemon Server] - 2026-02-23T23:23:19.283Z - Done responding to the client recordOutputsHash
[NX Daemon Server] - 2026-02-23T23:23:19.283Z - Handled RECORD_OUTPUTS_HASH. Handling time: 0. Response time: 1.
[NX Daemon Server] - 2026-02-23T23:23:19.338Z - Closed a connection. Number of open connections: 0
[NX Daemon Server] - 2026-02-23T23:23:57.151Z - [WATCHER]: 1 file(s) created or restored, 0 file(s) modified, 1 file(s) deleted
[NX Daemon Server] - 2026-02-23T23:23:57.153Z - [WATCHER]: Processing file changes in outputs
[NX Daemon Server] - 2026-02-23T23:23:57.254Z - [REQUEST]: Updated workspace context based on watched changes, recomputing project graph...
[NX Daemon Server] - 2026-02-23T23:23:57.255Z - [REQUEST]: jest.preset.js
[NX Daemon Server] - 2026-02-23T23:23:57.255Z - [REQUEST]: jest.preset.js.tmp.20497.1771889037083
[NX Daemon Server] - 2026-02-23T23:23:57.333Z - Time taken for 'hash changed files from watcher' 0.21393800000078045ms
[NX Daemon Server] - 2026-02-23T23:24:17.995Z - Established a connection. Number of open connections: 1
[NX Daemon Server] - 2026-02-23T23:24:17.996Z - Closed a connection. Number of open connections: 0
[NX Daemon Server] - 2026-02-23T23:24:17.996Z - Established a connection. Number of open connections: 1
[NX Daemon Server] - 2026-02-23T23:24:17.997Z - [REQUEST]: Client Request for Project Graph Received
[NX Daemon Server] - 2026-02-23T23:24:17.998Z - [REQUEST]: Responding to the client. project-graph
[NX Daemon Server] - 2026-02-23T23:24:18.000Z - Time taken for 'total for creating and serializing project graph' 0.15781500001321547ms
[NX Daemon Server] - 2026-02-23T23:24:18.003Z - Done responding to the client project-graph
[NX Daemon Server] - 2026-02-23T23:24:18.003Z - Handled REQUEST_PROJECT_GRAPH. Handling time: 1. Response time: 5.
[NX Daemon Server] - 2026-02-23T23:24:18.062Z - [REQUEST]: Responding to the client. handleHashTasks
[NX Daemon Server] - 2026-02-23T23:24:18.062Z - Done responding to the client handleHashTasks
[NX Daemon Server] - 2026-02-23T23:24:18.062Z - Handled HASH_TASKS. Handling time: 15. Response time: 0.
[NX Daemon Server] - 2026-02-23T23:24:19.724Z - [REQUEST]: Responding to the client. recordOutputsHash
[NX Daemon Server] - 2026-02-23T23:24:19.724Z - Done responding to the client recordOutputsHash
[NX Daemon Server] - 2026-02-23T23:24:19.724Z - Handled RECORD_OUTPUTS_HASH. Handling time: 5. Response time: 0.
[NX Daemon Server] - 2026-02-23T23:24:19.782Z - Closed a connection. Number of open connections: 0
[NX Daemon Server] - 2026-02-23T23:24:26.827Z - Established a connection. Number of open connections: 1
[NX Daemon Server] - 2026-02-23T23:24:26.828Z - Closed a connection. Number of open connections: 0
[NX Daemon Server] - 2026-02-23T23:24:26.828Z - Established a connection. Number of open connections: 1
[NX Daemon Server] - 2026-02-23T23:24:26.830Z - [REQUEST]: Client Request for Project Graph Received
[NX Daemon Server] - 2026-02-23T23:24:26.830Z - [REQUEST]: Responding to the client. project-graph
[NX Daemon Server] - 2026-02-23T23:24:26.831Z - Time taken for 'total for creating and serializing project graph' 0.10068599999067374ms
[NX Daemon Server] - 2026-02-23T23:24:26.833Z - Done responding to the client project-graph
[NX Daemon Server] - 2026-02-23T23:24:26.833Z - Handled REQUEST_PROJECT_GRAPH. Handling time: 0. Response time: 3.
[NX Daemon Server] - 2026-02-23T23:24:26.861Z - [REQUEST]: Responding to the client. handleHashTasks
[NX Daemon Server] - 2026-02-23T23:24:26.862Z - Done responding to the client handleHashTasks
[NX Daemon Server] - 2026-02-23T23:24:26.862Z - Handled HASH_TASKS. Handling time: 9. Response time: 1.
[NX Daemon Server] - 2026-02-23T23:24:27.366Z - Established a connection. Number of open connections: 2
[NX Daemon Server] - 2026-02-23T23:24:27.368Z - Closed a connection. Number of open connections: 1
[NX Daemon Server] - 2026-02-23T23:24:27.369Z - Established a connection. Number of open connections: 2
[NX Daemon Server] - 2026-02-23T23:24:27.371Z - [REQUEST]: Client Request for Project Graph Received
[NX Daemon Server] - 2026-02-23T23:24:27.371Z - [REQUEST]: Responding to the client. project-graph
[NX Daemon Server] - 2026-02-23T23:24:27.372Z - Time taken for 'total for creating and serializing project graph' 0.1712870000046678ms
[NX Daemon Server] - 2026-02-23T23:24:27.377Z - Done responding to the client project-graph
[NX Daemon Server] - 2026-02-23T23:24:27.377Z - Handled REQUEST_PROJECT_GRAPH. Handling time: 0. Response time: 6.
[NX Daemon Server] - 2026-02-23T23:24:27.382Z - Established a connection. Number of open connections: 3
[NX Daemon Server] - 2026-02-23T23:24:27.410Z - [WATCHER]: Processing file changes in outputs
[NX Daemon Server] - 2026-02-23T23:24:27.637Z - [REQUEST]: Client Request for Project Graph Received
[NX Daemon Server] - 2026-02-23T23:24:27.637Z - [REQUEST]: Responding to the client. project-graph
[NX Daemon Server] - 2026-02-23T23:24:27.639Z - Time taken for 'total for creating and serializing project graph' 0.18272900002193637ms
[NX Daemon Server] - 2026-02-23T23:24:27.641Z - Done responding to the client project-graph
[NX Daemon Server] - 2026-02-23T23:24:27.641Z - Handled REQUEST_PROJECT_GRAPH. Handling time: 0. Response time: 4.
[NX Daemon Server] - 2026-02-23T23:24:27.646Z - Established a connection. Number of open connections: 4
[NX Daemon Server] - 2026-02-23T23:24:27.710Z - [WATCHER]: Processing file changes in outputs
[NX Daemon Server] - 2026-02-23T23:24:27.860Z - [WATCHER]: Processing file changes in outputs
[NX Daemon Server] - 2026-02-23T23:24:27.961Z - [WATCHER]: Processing file changes in outputs
[NX Daemon Server] - 2026-02-23T23:24:35.971Z - Closed a connection. Number of open connections: 3
[NX Daemon Server] - 2026-02-23T23:24:35.971Z - Closed a connection. Number of open connections: 2
[NX Daemon Server] - 2026-02-23T23:24:35.982Z - Closed a connection. Number of open connections: 1
[NX Daemon Server] - 2026-02-23T23:24:36.013Z - Closed a connection. Number of open connections: 0
[NX Daemon Server] - 2026-02-23T23:24:36.033Z - [WATCHER]: Processing file changes in outputs
[NX Daemon Server] - 2026-02-23T23:24:43.419Z - Established a connection. Number of open connections: 1
[NX Daemon Server] - 2026-02-23T23:24:43.420Z - Closed a connection. Number of open connections: 0
[NX Daemon Server] - 2026-02-23T23:24:43.420Z - Established a connection. Number of open connections: 1
[NX Daemon Server] - 2026-02-23T23:24:43.421Z - [REQUEST]: Client Request for Project Graph Received
[NX Daemon Server] - 2026-02-23T23:24:43.421Z - [REQUEST]: Responding to the client. project-graph
[NX Daemon Server] - 2026-02-23T23:24:43.422Z - Time taken for 'total for creating and serializing project graph' 0.14713399999891408ms
[NX Daemon Server] - 2026-02-23T23:24:43.425Z - Done responding to the client project-graph
[NX Daemon Server] - 2026-02-23T23:24:43.425Z - Handled REQUEST_PROJECT_GRAPH. Handling time: 0. Response time: 4.
[NX Daemon Server] - 2026-02-23T23:24:43.461Z - [REQUEST]: Responding to the client. handleHashTasks
[NX Daemon Server] - 2026-02-23T23:24:43.461Z - Done responding to the client handleHashTasks
[NX Daemon Server] - 2026-02-23T23:24:43.461Z - Handled HASH_TASKS. Handling time: 16. Response time: 0.
[NX Daemon Server] - 2026-02-23T23:24:47.711Z - Closed a connection. Number of open connections: 0
